<?xml version="1.0" encoding="UTF-8"?>
<!-- Generated by org.testng.reporters.JUnitXMLReporter -->
<testsuite ignored="0" hostname="LAPTOP-2NA4FFI8" failures="0" tests="3" name="ChromeTesting" time="83.606" errors="0" timestamp="2022-07-25T19:37:18 IST">
  <testcase classname="MindQ.SeleniumTestngFrameworkJune.LoginTestCases" name="loginUsingInvalidCredentialsUsingDp" time="6.436"/>
  <testcase classname="MindQ.SeleniumTestngFrameworkJune.LoginTestCases" name="loginUsingInvalidCredentialsUsingDp" time="10.478"/>
  <testcase classname="MindQ.SeleniumTestngFrameworkJune.LoginTestCases" name="loginUsingInvalidCredentialsUsingDp" time="22.728"/>
</testsuite> <!-- ChromeTesting -->
