<?xml version="1.0" encoding="UTF-8"?>
<!-- Generated by org.testng.reporters.JUnitXMLReporter -->
<testsuite ignored="0" hostname="LAPTOP-2NA4FFI8" failures="0" tests="3" name="EdgeTesting" time="87.674" errors="0" timestamp="2022-07-25T19:37:22 IST">
  <testcase classname="MindQ.SeleniumTestngFrameworkJune.LoginTestCases" name="loginUsingInvalidCredentialsUsingDp" time="14.483"/>
  <testcase classname="MindQ.SeleniumTestngFrameworkJune.LoginTestCases" name="loginUsingInvalidCredentialsUsingDp" time="18.548"/>
  <testcase classname="MindQ.SeleniumTestngFrameworkJune.LoginTestCases" name="loginUsingInvalidCredentialsUsingDp" time="26.794"/>
</testsuite> <!-- EdgeTesting -->
