<?xml version="1.0" encoding="UTF-8"?>
<!-- Generated by org.testng.reporters.JUnitXMLReporter -->
<testsuite ignored="0" hostname="LAPTOP-2NA4FFI8" failures="0" tests="2" name="First Testing" time="0.081" errors="0" timestamp="2022-07-20T18:26:29 IST">
  <testcase classname="MindQ.SeleniumTestngFrameworkJune.FirstLaunch" name="loginUsingInValidData" time="0.012"/>
  <testcase classname="MindQ.SeleniumTestngFrameworkJune.FirstLaunch" name="loginUsingValidData" time="0.002"/>
</testsuite> <!-- First Testing -->
