<?xml version="1.0" encoding="UTF-8"?>
<!-- Generated by org.testng.reporters.JUnitXMLReporter -->
<testsuite ignored="2" hostname="LAPTOP-2NA4FFI8" failures="0" tests="4" name="Smoke_Test" time="0.141" errors="0" timestamp="2022-07-21T08:01:43 IST">
  <testcase classname="MindQ.SeleniumTestngFrameworkJune.FirstLaunch" name="loginUsingInValidData" time="0.008"/>
  <testcase classname="MindQ.SeleniumTestngFrameworkJune.FirstLaunch" name="loginUsingValidData" time="0.013"/>
  <testcase classname="MindQ.SeleniumTestngFrameworkJune.SecondLaunch" name="signupUsingEmail" time="0.002"/>
  <testcase classname="MindQ.SeleniumTestngFrameworkJune.SecondLaunch" name="signupUsingPhone" time="0.004"/>
  <testcase classname="MindQ.SeleniumTestngFrameworkJune.AppTest" name="@BeforeSuite launchBeforeSuite" time="0.0">
    <ignored/>
  </testcase> <!-- @BeforeSuite launchBeforeSuite -->
  <testcase classname="MindQ.SeleniumTestngFrameworkJune.AppTest" name="@AfterSuite launchAfterSuite" time="0.0">
    <ignored/>
  </testcase> <!-- @AfterSuite launchAfterSuite -->
</testsuite> <!-- Smoke_Test -->
