<?xml version="1.0" encoding="UTF-8"?>
<testng-results ignored="0" total="1" passed="1" failed="0" skipped="0">
  <reporter-output>
  </reporter-output>
  <suite started-at="2022-08-03T17:07:38 IST" name="Testing_Suite" finished-at="2022-08-03T17:08:23 IST" duration-ms="45466">
    <groups>
    </groups>
    <test started-at="2022-08-03T17:07:38 IST" name="Smoke_Test_inChrome" finished-at="2022-08-03T17:08:23 IST" duration-ms="45466">
      <class name="MindQ.SeleniumTestngFrameworkJune.LoginTestCases">
        <test-method is-config="true" signature="launchApplication(java.lang.String)[pri:0, instance:MindQ.SeleniumTestngFrameworkJune.LoginTestCases@6404f418]" started-at="2022-08-03T17:07:38 IST" name="launchApplication" finished-at="2022-08-03T17:08:20 IST" duration-ms="42102" status="PASS">
          <params>
            <param index="0">
              <value>
                <![CDATA[Chrome]]>
              </value>
            </param>
          </params>
          <reporter-output>
          </reporter-output>
        </test-method> <!-- launchApplication -->
        <test-method signature="loginUsingInvalidCredentials(java.lang.String,java.lang.String)[pri:0, instance:MindQ.SeleniumTestngFrameworkJune.LoginTestCases@6404f418]" started-at="2022-08-03T17:08:20 IST" name="loginUsingInvalidCredentials" finished-at="2022-08-03T17:08:23 IST" duration-ms="3085" status="PASS">
          <params>
            <param index="0">
              <value>
                <![CDATA[prashanthi@gmail.com]]>
              </value>
            </param>
            <param index="1">
              <value>
                <![CDATA[test123]]>
              </value>
            </param>
          </params>
          <reporter-output>
          </reporter-output>
        </test-method> <!-- loginUsingInvalidCredentials -->
      </class> <!-- MindQ.SeleniumTestngFrameworkJune.LoginTestCases -->
    </test> <!-- Smoke_Test_inChrome -->
  </suite> <!-- Testing_Suite -->
</testng-results>
